"D:/GameDev/MyProjects/MarsMarine/Project/MarsMarine_UEProject/Content/Characters/Enemy_Great_Spider/SK_Greater_Spider_Skeleton.uasset" 0
"D:/GameDev/MyProjects/MarsMarine/Project/MarsMarine_UEProject/Content/Characters/Enemy_Great_Spider/Animations/ExoGame_Greater_Spider_Attack_Melee_B.uasset" 1
"D:/GameDev/MyProjects/MarsMarine/Project/MarsMarine_UEProject/Content/Characters/Enemy_Great_Spider/Animations/ExoGame_Greater_Spider_Attack_Melee_C.uasset" 2
"D:/GameDev/MyProjects/MarsMarine/Project/MarsMarine_UEProject/Content/Characters/Enemy_Great_Spider/Animations/ExoGame_Greater_Spider_Cast_Roar.uasset" 3
"D:/GameDev/MyProjects/MarsMarine/Project/MarsMarine_UEProject/Content/Characters/Enemy_Great_Spider/Animations/ExoGame_Greater_Spider_Cast_Summon.uasset" 4
"D:/GameDev/MyProjects/MarsMarine/Project/MarsMarine_UEProject/Content/Characters/Enemy_Great_Spider/Animations/ExoGame_Greater_Spider_Charge.uasset" 5
"D:/GameDev/MyProjects/MarsMarine/Project/MarsMarine_UEProject/Content/Characters/Enemy_Great_Spider/Animations/ExoGame_Greater_Spider_Falling.uasset" 6
"D:/GameDev/MyProjects/MarsMarine/Project/MarsMarine_UEProject/Content/Characters/Enemy_Great_Spider/Animations/ExoGame_Greater_Spider_React_Heavy_Front.uasset" 7
"D:/GameDev/MyProjects/MarsMarine/Project/MarsMarine_UEProject/Content/Characters/Enemy_Great_Spider/Animations/ExoGame_Greater_Spider_React_Knockback_Front.uasset" 8
"D:/GameDev/MyProjects/MarsMarine/Project/MarsMarine_UEProject/Content/Characters/Enemy_Great_Spider/Animations/ExoGame_Greater_Spider_React_Stunned.uasset" 9
"D:/GameDev/MyProjects/MarsMarine/Project/MarsMarine_UEProject/Content/Characters/Enemy_Great_Spider/Animations/ExoGame_Greater_Spider_React_Stunned_Enter.uasset" 10
"D:/GameDev/MyProjects/MarsMarine/Project/MarsMarine_UEProject/Content/Characters/Enemy_Great_Spider/Animations/ExoGame_Greater_Spider_React_Stunned_Exit.uasset" 11
"D:/GameDev/MyProjects/MarsMarine/Project/MarsMarine_UEProject/Content/Characters/Enemy_Great_Spider/Animations/ExoGame_Greater_Spider_React_Stunned_Idle.uasset" 12
"D:/GameDev/MyProjects/MarsMarine/Project/MarsMarine_UEProject/Content/Characters/Enemy_Great_Spider/Animations/ExoGame_Greater_Spider_Teleport.uasset" 13
"D:/GameDev/MyProjects/MarsMarine/Project/MarsMarine_UEProject/Content/Characters/Enemy_Great_Spider/Textures/T_Enemy_GreaterSpider_Ice_D.uasset" 14
"D:/GameDev/MyProjects/MarsMarine/Project/MarsMarine_UEProject/Content/Characters/Enemy_Great_Spider/Textures/T_Enemy_GreaterSpider_Fire_N.uasset" 15
"D:/GameDev/MyProjects/MarsMarine/Project/MarsMarine_UEProject/Content/Characters/Enemy_Great_Spider/Textures/T_Enemy_GreaterSpider_Fire_M.uasset" 16
"D:/GameDev/MyProjects/MarsMarine/Project/MarsMarine_UEProject/Content/Characters/Enemy_Great_Spider/Materials/CharM_Greater_Spider_Ice.uasset" 17
"../../../Engine/Content/EngineMeshes/Humanoid.uasset" 18
"D:/GameDev/MyProjects/MarsMarine/Project/MarsMarine_UEProject/Content/Characters/Marine/Marine_Skeleton.uasset" 19
"D:/GameDev/MyProjects/MarsMarine/Project/MarsMarine_UEProject/Content/Characters/Marine/Animations/Sprint.uasset" 20
"D:/GameDev/MyProjects/MarsMarine/Project/MarsMarine_UEProject/Content/Effects/Misc/Meshes/General/S_Sphere.uasset" 21
"D:/GameDev/MyProjects/MarsMarine/Project/MarsMarine_UEProject/Content/Effects/Misc/Meshes/Gameplay/Pickups/Ammo.uasset" 22
"D:/GameDev/MyProjects/MarsMarine/Project/MarsMarine_UEProject/Content/Effects/Misc/Materials/Gameplay/Pickups/M_PickUp_Master.uasset" 23
"D:/GameDev/MyProjects/MarsMarine/Project/MarsMarine_UEProject/Content/Effects/Pick-ups/P_AssaultRifle_AMmo.uasset" 24
"D:/GameDev/MyProjects/MarsMarine/Project/MarsMarine_UEProject/Content/Effects/Misc/Textures/Spark/T_SparkCore_2X2.uasset" 25
"D:/GameDev/MyProjects/MarsMarine/Project/MarsMarine_UEProject/Content/Effects/Misc/Materials/spark/M_spark_subUV.uasset" 26
"D:/GameDev/MyProjects/MarsMarine/Project/MarsMarine_UEProject/Content/Effects/Misc/Textures/Water/T_Steam_02_Packed.uasset" 27
"D:/GameDev/MyProjects/MarsMarine/Project/MarsMarine_UEProject/Content/Effects/Misc/Materials/Smoke/M_MuzzleSmokeDetail_GPU.uasset" 28
"D:/GameDev/MyProjects/MarsMarine/Project/MarsMarine_UEProject/Content/Effects/Misc/Textures/Smoke/T_SmokeBall_01_8_8.uasset" 29
"D:/GameDev/MyProjects/MarsMarine/Project/MarsMarine_UEProject/Content/Effects/Misc/Textures/Smoke/T_Clouds_01.uasset" 30
"D:/GameDev/MyProjects/MarsMarine/Project/MarsMarine_UEProject/Content/Effects/Misc/Materials/Smoke/M_ImpactSmoke.uasset" 31
"D:/GameDev/MyProjects/MarsMarine/Project/MarsMarine_UEProject/Content/Effects/Misc/Materials/Ramp/M_radial_ramp_soft.uasset" 32
"D:/GameDev/MyProjects/MarsMarine/Project/MarsMarine_UEProject/Content/Effects/Misc/Textures/LensFlare/Flare_02.uasset" 33
"D:/GameDev/MyProjects/MarsMarine/Project/MarsMarine_UEProject/Content/Effects/Misc/Materials/LensFlare/M_LensFlare_02.uasset" 34
"D:/GameDev/MyProjects/MarsMarine/Project/MarsMarine_UEProject/Content/Effects/Weapons/Impacts/P_CreatureImpact.uasset" 35
"D:/GameDev/MyProjects/MarsMarine/Project/MarsMarine_UEProject/Content/Effects/Misc/Textures/Energy/T_EFX_Beam_Electricity_02.uasset" 36
"D:/GameDev/MyProjects/MarsMarine/Project/MarsMarine_UEProject/Content/Effects/Misc/Textures/Ramp/T_FX_CameraDistort.uasset" 37
"D:/GameDev/MyProjects/MarsMarine/Project/MarsMarine_UEProject/Content/Effects/Misc/Materials/Weapon/M_WP_ShockRifle_Panning_Beam.uasset" 38
"D:/GameDev/MyProjects/MarsMarine/Project/MarsMarine_UEProject/Content/Effects/Misc/Textures/Water/T_Caustics_2.uasset" 39
"D:/GameDev/MyProjects/MarsMarine/Project/MarsMarine_UEProject/Content/Effects/Misc/Textures/Ramp/T_FX_ColorDistort.uasset" 40
"D:/GameDev/MyProjects/MarsMarine/Project/MarsMarine_UEProject/Content/Effects/Misc/Materials/Weapon/M_WP_Linkgun_Connection.uasset" 41
"D:/GameDev/MyProjects/MarsMarine/Project/MarsMarine_UEProject/Content/Effects/Weapons/Muzzle/P_AssaultRifle_Trail.uasset" 42
"D:/GameDev/MyProjects/MarsMarine/Project/MarsMarine_UEProject/Content/Sounds/AmbientLoops/Stereo/RoomTone_AbstractBitcrushed03_Stereo.uasset" 43
"D:/GameDev/MyProjects/MarsMarine/Project/MarsMarine_UEProject/Content/Sounds/AmbientLoops/Stereo/RoomTone_AbstractBitcrushed04_Stereo.uasset" 44
"D:/GameDev/MyProjects/MarsMarine/Project/MarsMarine_UEProject/Content/Sounds/AmbientLoops/Stereo/RoomTone_AbstractBitcrushed05_Stereo.uasset" 45
"D:/GameDev/MyProjects/MarsMarine/Project/MarsMarine_UEProject/Content/Sounds/AmbientLoops/Stereo/WindAnimated_High03_Loop_Stereo.uasset" 46
"D:/GameDev/MyProjects/MarsMarine/Project/MarsMarine_UEProject/Content/Sounds/AmbientLoops/Stereo/WindAnimated_High02_Loop_Stereo.uasset" 47
"D:/GameDev/MyProjects/MarsMarine/Project/MarsMarine_UEProject/Content/Sounds/AmbientLoops/Stereo/WindAnimated_High01_Loop_Stereo.uasset" 48
"D:/GameDev/MyProjects/MarsMarine/Project/MarsMarine_UEProject/Content/Sounds/AmbientLoops/Stereo/WindAnimated_High_Stereo_Cue.uasset" 49
"D:/GameDev/MyProjects/MarsMarine/Project/MarsMarine_UEProject/Content/Sounds/AmbientLoops/Stereo/WindAnimated_Low03_Loop_Stereo.uasset" 50
"D:/GameDev/MyProjects/MarsMarine/Project/MarsMarine_UEProject/Content/Sounds/AmbientLoops/Stereo/WindAnimated_Low02_Loop_Stereo.uasset" 51
"D:/GameDev/MyProjects/MarsMarine/Project/MarsMarine_UEProject/Content/Sounds/AmbientLoops/Stereo/WindAnimated_Low01_Loop_Stereo.uasset" 52
"D:/GameDev/MyProjects/MarsMarine/Project/MarsMarine_UEProject/Content/Sounds/AmbientLoops/Stereo/WindAnimated_Low_Stereo_Cue.uasset" 53
"D:/GameDev/MyProjects/MarsMarine/Project/MarsMarine_UEProject/Content/Sounds/AmbientLoops/Stereo/WindSteady04_Loop_Stereo.uasset" 54
"D:/GameDev/MyProjects/MarsMarine/Project/MarsMarine_UEProject/Content/Sounds/AmbientLoops/Stereo/WindSteady03_Loop_Stereo.uasset" 55
"D:/GameDev/MyProjects/MarsMarine/Project/MarsMarine_UEProject/Content/Sounds/AmbientLoops/Stereo/WindSteady02_Loop_Stereo.uasset" 56
"D:/GameDev/MyProjects/MarsMarine/Project/MarsMarine_UEProject/Content/Sounds/AmbientLoops/Stereo/WindSteady01_Loop_Stereo.uasset" 57
"D:/GameDev/MyProjects/MarsMarine/Project/MarsMarine_UEProject/Content/Sounds/AmbientLoops/Stereo/WindSteady_Loop_Stereo_Cue.uasset" 58
"D:/GameDev/MyProjects/MarsMarine/Project/MarsMarine_UEProject/Content/Sounds/AmbientLoops/Stereo/Wind_Abstract05_Stereo.uasset" 59
"D:/GameDev/MyProjects/MarsMarine/Project/MarsMarine_UEProject/Content/Sounds/AmbientLoops/Stereo/Wind_Abstract04_Stereo.uasset" 60
"D:/GameDev/MyProjects/MarsMarine/Project/MarsMarine_UEProject/Content/Sounds/AmbientLoops/Stereo/Wind_Abstract03_Stereo.uasset" 61
"D:/GameDev/MyProjects/MarsMarine/Project/MarsMarine_UEProject/Content/Sounds/AmbientLoops/Stereo/Wind_Abstract02_Stereo.uasset" 62
"D:/GameDev/MyProjects/MarsMarine/Project/MarsMarine_UEProject/Content/Sounds/AmbientLoops/Stereo/Wind_Abstract01_Stereo.uasset" 63
"D:/GameDev/MyProjects/MarsMarine/Project/MarsMarine_UEProject/Content/Sounds/AmbientLoops/Stereo/Wind_AbstractAnimated_Stereo_Cue.uasset" 64
"D:/GameDev/MyProjects/MarsMarine/Project/MarsMarine_UEProject/Content/Sounds/AmbientNonLoops/Stereo/MetalCreak_Pillars01_Stereo.uasset" 65
"D:/GameDev/MyProjects/MarsMarine/Project/MarsMarine_UEProject/Content/Sounds/AmbientNonLoops/Stereo/MetalCreak_Pillars05_Stereo.uasset" 66
"D:/GameDev/MyProjects/MarsMarine/Project/MarsMarine_UEProject/Content/Sounds/AmbientNonLoops/Stereo/MetalCreak_Pillars15_Stereo.uasset" 67
"D:/GameDev/MyProjects/MarsMarine/Project/MarsMarine_UEProject/Content/Sounds/FoleyBodyMoves/Stereo/FoleyBody_BodyMove04_Stereo.uasset" 68
"D:/GameDev/MyProjects/MarsMarine/Project/MarsMarine_UEProject/Content/Sounds/FoleyBodyMoves/Stereo/FoleyBody_BodyMove03_Stereo.uasset" 69
"D:/GameDev/MyProjects/MarsMarine/Project/MarsMarine_UEProject/Content/Sounds/FoleyBodyMoves/Stereo/FoleyBody_BodyMove02_Stereo.uasset" 70
"D:/GameDev/MyProjects/MarsMarine/Project/MarsMarine_UEProject/Content/Sounds/FoleyBodyMoves/Stereo/FoleyBody_BodyMove01_Stereo.uasset" 71
"D:/GameDev/MyProjects/MarsMarine/Project/MarsMarine_UEProject/Content/Sounds/FoleyBodyMoves/Mono/FoleyBody_BodyMove04.uasset" 72
"D:/GameDev/MyProjects/MarsMarine/Project/MarsMarine_UEProject/Content/Sounds/FoleyBodyMoves/Mono/FoleyBody_BodyMove03.uasset" 73
"D:/GameDev/MyProjects/MarsMarine/Project/MarsMarine_UEProject/Content/Sounds/FoleyBodyMoves/Mono/FoleyBody_BodyMove02.uasset" 74
"D:/GameDev/MyProjects/MarsMarine/Project/MarsMarine_UEProject/Content/Sounds/FoleyBodyMoves/Mono/FoleyBody_BodyMove01.uasset" 75
"D:/GameDev/MyProjects/MarsMarine/Project/MarsMarine_UEProject/Content/Sounds/FoleyBodyMoves/Mono/FoleyBody_Aim_Cue.uasset" 76
"D:/GameDev/MyProjects/MarsMarine/Project/MarsMarine_UEProject/Content/Sounds/FoleyBodyMoves/Mono/FoleyBody_BodyMove_Cue.uasset" 77
"D:/GameDev/MyProjects/MarsMarine/Project/MarsMarine_UEProject/Content/Sounds/FoleyBodyMoves/Mono/FoleyBody_Fall04.uasset" 78
"D:/GameDev/MyProjects/MarsMarine/Project/MarsMarine_UEProject/Content/Sounds/FoleyBodyMoves/Mono/FoleyBody_Fall03.uasset" 79
"D:/GameDev/MyProjects/MarsMarine/Project/MarsMarine_UEProject/Content/Sounds/FoleyBodyMoves/Mono/FoleyBody_Fall02.uasset" 80
"D:/GameDev/MyProjects/MarsMarine/Project/MarsMarine_UEProject/Content/Sounds/FoleyBodyMoves/Mono/FoleyBody_Fall01.uasset" 81
"D:/GameDev/MyProjects/MarsMarine/Project/MarsMarine_UEProject/Content/Sounds/FoleyBodyMoves/Mono/FoleyBody_Fall_Cue.uasset" 82
"D:/GameDev/MyProjects/MarsMarine/Project/MarsMarine_UEProject/Content/Sounds/FoleyBodyMoves/Mono/FoleyBody_HandSwipe04.uasset" 83
"D:/GameDev/MyProjects/MarsMarine/Project/MarsMarine_UEProject/Content/Sounds/FoleyBodyMoves/Mono/FoleyBody_HandSwipe03.uasset" 84
"D:/GameDev/MyProjects/MarsMarine/Project/MarsMarine_UEProject/Content/Sounds/FoleyBodyMoves/Mono/FoleyBody_HandSwipe02.uasset" 85
"D:/GameDev/MyProjects/MarsMarine/Project/MarsMarine_UEProject/Content/Sounds/FoleyBodyMoves/Mono/FoleyBody_HandSwipe01.uasset" 86
"D:/GameDev/MyProjects/MarsMarine/Project/MarsMarine_UEProject/Content/Sounds/FoleyBodyMoves/Mono/FoleyBody_HandSwipe_Cue.uasset" 87
"D:/GameDev/MyProjects/MarsMarine/Project/MarsMarine_UEProject/Content/Sounds/FoleyBodyMoves/Mono/FoleyBody_Land05.uasset" 88
"D:/GameDev/MyProjects/MarsMarine/Project/MarsMarine_UEProject/Content/Sounds/FoleyBodyMoves/Mono/FoleyBody_Land04.uasset" 89
"D:/GameDev/MyProjects/MarsMarine/Project/MarsMarine_UEProject/Content/Sounds/FoleyBodyMoves/Mono/FoleyBody_Land03.uasset" 90
"D:/GameDev/MyProjects/MarsMarine/Project/MarsMarine_UEProject/Content/Sounds/FoleyBodyMoves/Mono/FoleyBody_Land02.uasset" 91
"D:/GameDev/MyProjects/MarsMarine/Project/MarsMarine_UEProject/Content/Sounds/FoleyBodyMoves/Mono/FoleyBody_Land_Cue.uasset" 92
"D:/GameDev/MyProjects/MarsMarine/Project/MarsMarine_UEProject/Content/Sounds/FoleyBodyMoves/Mono/RunStop03.uasset" 93
"D:/GameDev/MyProjects/MarsMarine/Project/MarsMarine_UEProject/Content/Sounds/FoleyBodyMoves/Mono/RunStop02.uasset" 94
"D:/GameDev/MyProjects/MarsMarine/Project/MarsMarine_UEProject/Content/Sounds/FoleyBodyMoves/Mono/RunStop01.uasset" 95
"D:/GameDev/MyProjects/MarsMarine/Project/MarsMarine_UEProject/Content/Sounds/FoleyBodyMoves/Mono/RunStop_Cue.uasset" 96
"D:/GameDev/MyProjects/MarsMarine/Project/MarsMarine_UEProject/Content/Sounds/FoleyBodyMoves/Mono/Run05_Loop.uasset" 97
"D:/GameDev/MyProjects/MarsMarine/Project/MarsMarine_UEProject/Content/Sounds/FoleyBodyMoves/Mono/Run04_Loop.uasset" 98
"D:/GameDev/MyProjects/MarsMarine/Project/MarsMarine_UEProject/Content/Sounds/FoleyBodyMoves/Mono/Run03_Loop.uasset" 99
"D:/GameDev/MyProjects/MarsMarine/Project/MarsMarine_UEProject/Content/Sounds/FoleyBodyMoves/Mono/Run02_Loop.uasset" 100
"D:/GameDev/MyProjects/MarsMarine/Project/MarsMarine_UEProject/Content/Sounds/FoleyBodyMoves/Mono/Run01_Loop.uasset" 101
"D:/GameDev/MyProjects/MarsMarine/Project/MarsMarine_UEProject/Content/Sounds/FoleyBodyMoves/Mono/Run_Loop_Cue.uasset" 102
"D:/GameDev/MyProjects/MarsMarine/Project/MarsMarine_UEProject/Content/Sounds/FoleyBodyMoves/Stereo/FoleyBody_BodyMove_Stereo_Cue.uasset" 103
"D:/GameDev/MyProjects/MarsMarine/Project/MarsMarine_UEProject/Content/Sounds/FoleyBodyMoves/Stereo/FoleyBody_HandSwipe04_Stereo.uasset" 104
"D:/GameDev/MyProjects/MarsMarine/Project/MarsMarine_UEProject/Content/Sounds/FoleyBodyMoves/Stereo/FoleyBody_HandSwipe03_Stereo.uasset" 105
"D:/GameDev/MyProjects/MarsMarine/Project/MarsMarine_UEProject/Content/Sounds/FoleyBodyMoves/Stereo/FoleyBody_HandSwipe02_Stereo.uasset" 106
"D:/GameDev/MyProjects/MarsMarine/Project/MarsMarine_UEProject/Content/Sounds/FoleyBodyMoves/Stereo/FoleyBody_HandSwipe01_Stereo.uasset" 107
"D:/GameDev/MyProjects/MarsMarine/Project/MarsMarine_UEProject/Content/Sounds/FoleyBodyMoves/Stereo/FoleyBody_HandSwipe_Stereo_Cue.uasset" 108
"D:/GameDev/MyProjects/MarsMarine/Project/MarsMarine_UEProject/Content/Sounds/FoleyBodyMoves/Stereo/FoleyBody_Land05_Stereo.uasset" 109
"D:/GameDev/MyProjects/MarsMarine/Project/MarsMarine_UEProject/Content/Sounds/FoleyBodyMoves/Stereo/FoleyBody_Land04_Stereo.uasset" 110
"D:/GameDev/MyProjects/MarsMarine/Project/MarsMarine_UEProject/Content/Sounds/FoleyBodyMoves/Stereo/FoleyBody_Land03_Stereo.uasset" 111
"D:/GameDev/MyProjects/MarsMarine/Project/MarsMarine_UEProject/Content/Sounds/FoleyBodyMoves/Stereo/FoleyBody_Land02_Stereo.uasset" 112
"D:/GameDev/MyProjects/MarsMarine/Project/MarsMarine_UEProject/Content/Sounds/FoleyBodyMoves/Stereo/FoleyBody_Land01_Stereo.uasset" 113
"D:/GameDev/MyProjects/MarsMarine/Project/MarsMarine_UEProject/Content/Sounds/FoleyBodyMoves/Stereo/FoleyBody_Land_Stereo_Cue.uasset" 114
"D:/GameDev/MyProjects/MarsMarine/Project/MarsMarine_UEProject/Content/Sounds/FoleyFlesh/Stereo/FoleyFlesh_Impact08_Stereo.uasset" 115
"D:/GameDev/MyProjects/MarsMarine/Project/MarsMarine_UEProject/Content/Sounds/FoleyFlesh/Stereo/FoleyFlesh_Impact07_Stereo.uasset" 116
"D:/GameDev/MyProjects/MarsMarine/Project/MarsMarine_UEProject/Content/Sounds/FoleyFlesh/Stereo/FoleyFlesh_Impact06_Stereo.uasset" 117
"D:/GameDev/MyProjects/MarsMarine/Project/MarsMarine_UEProject/Content/Sounds/FoleyFlesh/Stereo/FoleyFlesh_Impact05_Stereo.uasset" 118
"D:/GameDev/MyProjects/MarsMarine/Project/MarsMarine_UEProject/Content/Sounds/FoleyFlesh/Stereo/FoleyFlesh_Impact04_Stereo.uasset" 119
"D:/GameDev/MyProjects/MarsMarine/Project/MarsMarine_UEProject/Content/Sounds/FoleyFlesh/Stereo/FoleyFlesh_Impact03_Stereo.uasset" 120
"D:/GameDev/MyProjects/MarsMarine/Project/MarsMarine_UEProject/Content/Sounds/FoleyFlesh/Stereo/FoleyFlesh_Impact02_Stereo.uasset" 121
"D:/GameDev/MyProjects/MarsMarine/Project/MarsMarine_UEProject/Content/Sounds/FoleyFlesh/Stereo/FoleyFlesh_Impact01_Stereo.uasset" 122
"D:/GameDev/MyProjects/MarsMarine/Project/MarsMarine_UEProject/Content/Sounds/FoleyFlesh/Mono/FoleyFlesh_Impact08.uasset" 123
"D:/GameDev/MyProjects/MarsMarine/Project/MarsMarine_UEProject/Content/Sounds/FoleyFlesh/Mono/FoleyFlesh_Impact07.uasset" 124
"D:/GameDev/MyProjects/MarsMarine/Project/MarsMarine_UEProject/Content/Sounds/FoleyFlesh/Mono/FoleyFlesh_Impact06.uasset" 125
"D:/GameDev/MyProjects/MarsMarine/Project/MarsMarine_UEProject/Content/Sounds/FoleyFlesh/Mono/FoleyFlesh_Impact05.uasset" 126
"D:/GameDev/MyProjects/MarsMarine/Project/MarsMarine_UEProject/Content/Sounds/FoleyFlesh/Mono/FoleyFlesh_Impact04.uasset" 127
"D:/GameDev/MyProjects/MarsMarine/Project/MarsMarine_UEProject/Content/Sounds/FoleyFlesh/Mono/FoleyFlesh_Impact03.uasset" 128
"D:/GameDev/MyProjects/MarsMarine/Project/MarsMarine_UEProject/Content/Sounds/FoleyFlesh/Mono/FoleyFlesh_Impact02.uasset" 129
"D:/GameDev/MyProjects/MarsMarine/Project/MarsMarine_UEProject/Content/Sounds/FoleyFlesh/Mono/FoleyFlesh_Impact_Cue.uasset" 130
"D:/GameDev/MyProjects/MarsMarine/Project/MarsMarine_UEProject/Content/Sounds/FoleyFlesh/Stereo/FoleyFlesh_Gib04_Stereo.uasset" 131
"D:/GameDev/MyProjects/MarsMarine/Project/MarsMarine_UEProject/Content/Sounds/FoleyFlesh/Stereo/FoleyFlesh_Gib03_Stereo.uasset" 132
"D:/GameDev/MyProjects/MarsMarine/Project/MarsMarine_UEProject/Content/Sounds/FoleyFlesh/Stereo/FoleyFlesh_Gib02_Stereo.uasset" 133
"D:/GameDev/MyProjects/MarsMarine/Project/MarsMarine_UEProject/Content/Sounds/FoleyFlesh/Stereo/FoleyFlesh_Gib01_Stereo.uasset" 134
"D:/GameDev/MyProjects/MarsMarine/Project/MarsMarine_UEProject/Content/Sounds/FoleyFlesh/Stereo/Cue_CreatureDeath.uasset" 135
"D:/GameDev/MyProjects/MarsMarine/Project/MarsMarine_UEProject/Content/Sounds/Footsteps/Stereo/Footstep_Generic12_Stereo.uasset" 136
"D:/GameDev/MyProjects/MarsMarine/Project/MarsMarine_UEProject/Content/Sounds/Footsteps/Stereo/Footstep_Generic11_Stereo.uasset" 137
"D:/GameDev/MyProjects/MarsMarine/Project/MarsMarine_UEProject/Content/Sounds/Footsteps/Stereo/Footstep_Generic10_Stereo.uasset" 138
"D:/GameDev/MyProjects/MarsMarine/Project/MarsMarine_UEProject/Content/Sounds/Footsteps/Stereo/Footstep_Generic09_Stereo.uasset" 139
"D:/GameDev/MyProjects/MarsMarine/Project/MarsMarine_UEProject/Content/Sounds/Footsteps/Stereo/Footstep_Generic08_Stereo.uasset" 140
"D:/GameDev/MyProjects/MarsMarine/Project/MarsMarine_UEProject/Content/Sounds/Footsteps/Stereo/Footstep_Generic07_Stereo.uasset" 141
"D:/GameDev/MyProjects/MarsMarine/Project/MarsMarine_UEProject/Content/Sounds/Footsteps/Stereo/Footstep_Generic06_Stereo.uasset" 142
"D:/GameDev/MyProjects/MarsMarine/Project/MarsMarine_UEProject/Content/Sounds/Footsteps/Stereo/Footstep_Generic05_Stereo.uasset" 143
"D:/GameDev/MyProjects/MarsMarine/Project/MarsMarine_UEProject/Content/Sounds/Footsteps/Stereo/Footstep_Generic04_Stereo.uasset" 144
"D:/GameDev/MyProjects/MarsMarine/Project/MarsMarine_UEProject/Content/Sounds/Footsteps/Stereo/Footstep_Generic03_Stereo.uasset" 145
"D:/GameDev/MyProjects/MarsMarine/Project/MarsMarine_UEProject/Content/Sounds/Footsteps/Stereo/Footstep_Generic02_Stereo.uasset" 146
"D:/GameDev/MyProjects/MarsMarine/Project/MarsMarine_UEProject/Content/Sounds/Footsteps/Stereo/Footstep_Generic01_Stereo.uasset" 147
"D:/GameDev/MyProjects/MarsMarine/Project/MarsMarine_UEProject/Content/Sounds/Footsteps/Stereo/Footsteps_Generic_Stereo_Cue.uasset" 148
"D:/GameDev/MyProjects/MarsMarine/Project/MarsMarine_UEProject/Content/Sounds/InterfaceAudio/Stereo/MenuAccept_Stereo.uasset" 149
"D:/GameDev/MyProjects/MarsMarine/Project/MarsMarine_UEProject/Content/Sounds/InterfaceAudio/Stereo/MenuAccept_Stereo_Cue.uasset" 150
"D:/GameDev/MyProjects/MarsMarine/Project/MarsMarine_UEProject/Content/Sounds/InterfaceAudio/Stereo/MenuBack01_Stereo.uasset" 151
"D:/GameDev/MyProjects/MarsMarine/Project/MarsMarine_UEProject/Content/Sounds/InterfaceAudio/Stereo/MenuBack02_Stereo.uasset" 152
"D:/GameDev/MyProjects/MarsMarine/Project/MarsMarine_UEProject/Content/Sounds/InterfaceAudio/Stereo/MenuBack03_Stereo.uasset" 153
"D:/GameDev/MyProjects/MarsMarine/Project/MarsMarine_UEProject/Content/Sounds/InterfaceAudio/Stereo/MenuBack_Stereo_Cue.uasset" 154
"D:/GameDev/MyProjects/MarsMarine/Project/MarsMarine_UEProject/Content/Sounds/InterfaceAudio/Stereo/MenuCursor01_Stereo.uasset" 155
"D:/GameDev/MyProjects/MarsMarine/Project/MarsMarine_UEProject/Content/Sounds/InterfaceAudio/Stereo/MenuCursor03_Stereo.uasset" 156
"D:/GameDev/MyProjects/MarsMarine/Project/MarsMarine_UEProject/Content/Sounds/InterfaceAudio/Stereo/MenuCursor04_Stereo.uasset" 157
"D:/GameDev/MyProjects/MarsMarine/Project/MarsMarine_UEProject/Content/Sounds/InterfaceAudio/Stereo/MenuCursor_Sides_Stereo_Cue.uasset" 158
"D:/GameDev/MyProjects/MarsMarine/Project/MarsMarine_UEProject/Content/Sounds/InterfaceAudio/Stereo/MenuCursor02_Stereo.uasset" 159
"D:/GameDev/MyProjects/MarsMarine/Project/MarsMarine_UEProject/Content/Sounds/InterfaceAudio/Stereo/MenuCursor_UpDown_Stereo_Cue.uasset" 160
"D:/GameDev/MyProjects/MarsMarine/Project/MarsMarine_UEProject/Content/Sounds/InterfaceAudio/Stereo/MenuDiscard_Stereo.uasset" 161
"D:/GameDev/MyProjects/MarsMarine/Project/MarsMarine_UEProject/Content/Sounds/InterfaceAudio/Stereo/MenuDiscard_Stereo_Cue.uasset" 162
"D:/GameDev/MyProjects/MarsMarine/Project/MarsMarine_UEProject/Content/Sounds/InterfaceAudio/Stereo/MenuEnter01_Stereo.uasset" 163
"D:/GameDev/MyProjects/MarsMarine/Project/MarsMarine_UEProject/Content/Sounds/InterfaceAudio/Stereo/MenuEnter02_Stereo.uasset" 164
"D:/GameDev/MyProjects/MarsMarine/Project/MarsMarine_UEProject/Content/Sounds/InterfaceAudio/Stereo/MenuEnter03_Stereo.uasset" 165
"D:/GameDev/MyProjects/MarsMarine/Project/MarsMarine_UEProject/Content/Sounds/InterfaceAudio/Stereo/MenuEnter_Stereo_Cue.uasset" 166
"D:/GameDev/MyProjects/MarsMarine/Project/MarsMarine_UEProject/Content/Sounds/InterfaceAudio/Stereo/MenuExit_Stereo.uasset" 167
"D:/GameDev/MyProjects/MarsMarine/Project/MarsMarine_UEProject/Content/Sounds/InterfaceAudio/Stereo/MenuExitStereo_Cue.uasset" 168
"D:/GameDev/MyProjects/MarsMarine/Project/MarsMarine_UEProject/Content/Sounds/InterfaceAudio/Stereo/MenuStart_Stereo.uasset" 169
"D:/GameDev/MyProjects/MarsMarine/Project/MarsMarine_UEProject/Content/Sounds/InterfaceAudio/Stereo/MenuStart_Stereo_Cue.uasset" 170
"D:/GameDev/MyProjects/MarsMarine/Project/MarsMarine_UEProject/Content/Sounds/Stingers/Mono/Stinger_PlayerDeath01.uasset" 171
"D:/GameDev/MyProjects/MarsMarine/Project/MarsMarine_UEProject/Content/Sounds/InterfaceAudio/Stereo/UI_LowHealth_Loop_Stereo.uasset" 172
"D:/GameDev/MyProjects/MarsMarine/Project/MarsMarine_UEProject/Content/Sounds/InterfaceAudio/Stereo/UI_LowHealth_Loop_Stereo_Cue.uasset" 173
"D:/GameDev/MyProjects/MarsMarine/Project/MarsMarine_UEProject/Content/Sounds/Stingers/Stereo/Stinger_PlayerDeath01_Stereo.uasset" 174
"D:/GameDev/MyProjects/MarsMarine/Project/MarsMarine_UEProject/Content/Sounds/InterfaceAudio/Stereo/UI_PlayerRespawn_Stereo_Cue.uasset" 175
"D:/GameDev/MyProjects/MarsMarine/Project/MarsMarine_UEProject/Content/Sounds/Music/ShooterGame_Music.uasset" 176
"D:/GameDev/MyProjects/MarsMarine/Project/MarsMarine_UEProject/Content/Sounds/Music/ShooterGame_Music_Cue.uasset" 177
"D:/GameDev/MyProjects/MarsMarine/Project/MarsMarine_UEProject/Content/Sounds/Music/ShooterGame_Music_Intro.uasset" 178
"D:/GameDev/MyProjects/MarsMarine/Project/MarsMarine_UEProject/Content/Sounds/Music/ShooterGame_Music_Intro_Cue.uasset" 179
"D:/GameDev/MyProjects/MarsMarine/Project/MarsMarine_UEProject/Content/Sounds/Stingers/Mono/StingerPickup_Health01.uasset" 180
"D:/GameDev/MyProjects/MarsMarine/Project/MarsMarine_UEProject/Content/Sounds/Stingers/Mono/StingerPickup_Health02.uasset" 181
"D:/GameDev/MyProjects/MarsMarine/Project/MarsMarine_UEProject/Content/Sounds/Weapon_AssaultRifle/Stereo/Weapon_AssaultRifle_Swap03_Stereo.uasset" 182
"D:/GameDev/MyProjects/MarsMarine/Project/MarsMarine_UEProject/Content/Sounds/Weapon_AssaultRifle/Stereo/Weapon_AssaultRifle_Swap02_Stereo.uasset" 183
"D:/GameDev/MyProjects/MarsMarine/Project/MarsMarine_UEProject/Content/Sounds/Weapon_AssaultRifle/Stereo/Weapon_AssaultRifle_Swap01_Stereo.uasset" 184
"D:/GameDev/MyProjects/MarsMarine/Project/MarsMarine_UEProject/Content/Sounds/Weapon_AssaultRifle/Stereo/AssaultRifle_Equip_Stereo_Cue.uasset" 185
"D:/GameDev/MyProjects/MarsMarine/Project/MarsMarine_UEProject/Content/Sounds/Weapon_AssaultRifle/Stereo/Weapon_AssaultRifle_Reload03_Stereo.uasset" 186
"D:/GameDev/MyProjects/MarsMarine/Project/MarsMarine_UEProject/Content/Sounds/Weapon_AssaultRifle/Stereo/Weapon_AssaultRifle_Reload02_Stereo.uasset" 187
"D:/GameDev/MyProjects/MarsMarine/Project/MarsMarine_UEProject/Content/Sounds/Weapon_AssaultRifle/Stereo/Weapon_AssaultRifle_Reload01_Stereo.uasset" 188
"D:/GameDev/MyProjects/MarsMarine/Project/MarsMarine_UEProject/Content/Sounds/Weapon_AssaultRifle/Stereo/AssaultRifle_Reload_Stereo_Cue.uasset" 189
"D:/GameDev/MyProjects/MarsMarine/Project/MarsMarine_UEProject/Content/Sounds/Weapon_AssaultRifle/Stereo/AssaultRifle_Shot01_Stereo.uasset" 190
"D:/GameDev/MyProjects/MarsMarine/Project/MarsMarine_UEProject/Content/Sounds/Weapon_AssaultRifle/Stereo/AssaultRifle_Shot02_Stereo.uasset" 191
"D:/GameDev/MyProjects/MarsMarine/Project/MarsMarine_UEProject/Content/Sounds/Weapon_AssaultRifle/Stereo/AssaultRifle_Shot03_Stereo.uasset" 192
"D:/GameDev/MyProjects/MarsMarine/Project/MarsMarine_UEProject/Content/Sounds/Weapon_AssaultRifle/Stereo/AssaultRifle_Shot04_Stereo.uasset" 193
"D:/GameDev/MyProjects/MarsMarine/Project/MarsMarine_UEProject/Content/Sounds/Weapon_AssaultRifle/Stereo/AssaultRifle_Shot05_Stereo.uasset" 194
"D:/GameDev/MyProjects/MarsMarine/Project/MarsMarine_UEProject/Content/Sounds/Weapon_AssaultRifle/Stereo/AssaultRifle_Shot06_Stereo.uasset" 195
"D:/GameDev/MyProjects/MarsMarine/Project/MarsMarine_UEProject/Content/Sounds/Weapon_AssaultRifle/Stereo/Weapon_AssaultRifle_AmmoPickup01_Stereo.uasset" 196
"D:/GameDev/MyProjects/MarsMarine/Project/MarsMarine_UEProject/Content/Sounds/Weapon_AssaultRifle/Stereo/Weapon_AssaultRifle_AmmoPickup02_Stereo.uasset" 197
"D:/GameDev/MyProjects/MarsMarine/Project/MarsMarine_UEProject/Content/Sounds/Weapon_AssaultRifle/Stereo/Weapon_AssaultRifle_AmmoPickup03_Stereo.uasset" 198
"D:/GameDev/MyProjects/MarsMarine/Project/MarsMarine_UEProject/Content/Sounds/Weapon_AssaultRifle/Stereo/Weapon_AssaultRifle_Empty01_Stereo.uasset" 199
"D:/GameDev/MyProjects/MarsMarine/Project/MarsMarine_UEProject/Content/Sounds/Weapon_AssaultRifle/Stereo/Weapon_AssaultRifle_Empty02_Stereo.uasset" 200
"D:/GameDev/MyProjects/MarsMarine/Project/MarsMarine_UEProject/Content/Sounds/Weapon_AssaultRifle/Stereo/Weapon_AssaultRifle_Empty03_Stereo.uasset" 201
"D:/GameDev/MyProjects/MarsMarine/Project/MarsMarine_UEProject/Content/UI/Textures/MarineSprintAvailable.uasset" 202
"D:/GameDev/MyProjects/MarsMarine/Project/MarsMarine_UEProject/Content/UI/Textures/MarineSprintUnavailable.uasset" 203
"D:/GameDev/MyProjects/MarsMarine/Project/MarsMarine_UEProject/Content/Weapons/Textures/MagGunT2_shade.uasset" 204
"D:/GameDev/MyProjects/MarsMarine/Project/MarsMarine_UEProject/Content/Weapons/Textures/MagGunT2_section.uasset" 205
"D:/GameDev/MyProjects/MarsMarine/Project/MarsMarine_UEProject/Content/Weapons/Textures/MagGun_Display_EM.uasset" 206
"D:/GameDev/MyProjects/MarsMarine/Project/MarsMarine_UEProject/Content/Weapons/Textures/MagGun_02_N.uasset" 207
"../../../Engine/Content/Functions/MaterialLayerFunctions/MatLayerBlend_Emissive.uasset" 208
"D:/GameDev/MyProjects/MarsMarine/Project/MarsMarine_UEProject/Content/Weapons/Textures/MagGun_Decals.uasset" 209
"../../../Engine/Content/Functions/MaterialLayerFunctions/MatLayerBlend_RoughnessOverride.uasset" 210
"../../../Engine/Content/Functions/MaterialLayerFunctions/MatLayerBlend_Decal.uasset" 211
"D:/GameDev/MyProjects/MarsMarine/Project/MarsMarine_UEProject/Content/Weapons/MaterialLayers/T_Rubber.uasset" 212
"D:/GameDev/MyProjects/MarsMarine/Project/MarsMarine_UEProject/Content/Weapons/MaterialLayers/ML_Rubber.uasset" 213
"D:/GameDev/MyProjects/MarsMarine/Project/MarsMarine_UEProject/Content/Weapons/MaterialLayers/T_PaintedMetal02.uasset" 214
"D:/GameDev/MyProjects/MarsMarine/Project/MarsMarine_UEProject/Content/Weapons/MaterialLayers/T_PaintedMetal01_N.uasset" 215
"../../../Engine/Content/Functions/Engine_MaterialFunctions01/Texturing/FlattenNormal.uasset" 216
"D:/GameDev/MyProjects/MarsMarine/Project/MarsMarine_UEProject/Content/Weapons/MaterialLayers/ML_Paint.uasset" 217
"D:/GameDev/MyProjects/MarsMarine/Project/MarsMarine_UEProject/Content/Weapons/MaterialLayers/T_Metal_Metal02_D.uasset" 218
"D:/GameDev/MyProjects/MarsMarine/Project/MarsMarine_UEProject/Content/Weapons/MaterialLayers/ML_Metal_Gray.uasset" 219
"D:/GameDev/MyProjects/MarsMarine/Project/MarsMarine_UEProject/Content/Weapons/MaterialLayers/T_ExampleLayers_Metal02_N.uasset" 220
"D:/GameDev/MyProjects/MarsMarine/Project/MarsMarine_UEProject/Content/Characters/Marine/Textures/Chr_FPS_Metal_02.uasset" 221
"D:/GameDev/MyProjects/MarsMarine/Project/MarsMarine_UEProject/Content/Weapons/MaterialLayers/ML_Metal_Copper.uasset" 222
"D:/GameDev/MyProjects/MarsMarine/Project/MarsMarine_UEProject/Content/Weapons/MaterialLayers/ML_BoltMetal.uasset" 223
"../../../Engine/Content/Functions/MaterialLayerFunctions/MatLayerBlend_TintAllChannels.uasset" 224
"../../../Engine/Content/Functions/MaterialLayerFunctions/MatLayerBlend_Standard.uasset" 225
"../../../Engine/Content/Functions/Engine_MaterialFunctions02/Utility/BlendAngleCorrectedNormals.uasset" 226
"../../../Engine/Content/Functions/MaterialLayerFunctions/MatLayerBlend_BakedNormal.uasset" 227
"D:/GameDev/MyProjects/MarsMarine/Project/MarsMarine_UEProject/Content/Weapons/Materials/MagGun_MatB.uasset" 228
"D:/GameDev/MyProjects/MarsMarine/Project/MarsMarine_UEProject/Content/Weapons/Materials/MagGun_MatB_Inst3.uasset" 229
"../../../Engine/Content/EngineMaterials/T_Default_Material_Grid_N.uasset" 230
"../../../Engine/Content/EngineMaterials/T_Default_Material_Grid_M.uasset" 231
"../../../Engine/Content/Functions/Engine_MaterialFunctions01/Opacity/CameraDepthFade.uasset" 232
"../../../Engine/Content/EngineMaterials/WorldGridMaterial.uasset" 233
"../../../Engine/Content/ArtTools/RenderToTexture/Meshes/S_1_Unit_Plane.uasset" 234
"../../../Engine/Content/EngineMaterials/DefaultMaterial.uasset" 235
"../../../Engine/Content/BasicShapes/Cone.uasset" 236
"../../../Engine/Content/BasicShapes/Cube.uasset" 237
"../../../Engine/Content/BasicShapes/Plane.uasset" 238
"../../../Engine/Content/BasicShapes/Sphere.uasset" 239
"../../../Engine/Content/EditorLandscapeResources/DataLayer.uasset" 240
"../../../Engine/Content/EditorLandscapeResources/DefaultAlphaTexture.uasset" 241
"../../../Engine/Content/EditorMaterials/MAT_Groups_Toggle.uasset" 242
"../../../Engine/Content/EditorMaterials/MAT_Groups_Visibility.uasset" 243
"../../../Engine/Content/EditorMaterials/PreviewShadowIndicator.uasset" 244
"../../../Engine/Content/EditorMaterials/PreviewShadowIndicatorMaterial.uasset" 245
"../../../Engine/Content/EditorMaterials/MatineeGroups/MAT_ColorTrack.uasset" 246
"../../../Engine/Content/EditorMaterials/MatineeGroups/MAT_Groups_Anim.uasset" 247
"../../../Engine/Content/EditorMaterials/MatineeGroups/MAT_Groups_AudioMaster.uasset" 248
"../../../Engine/Content/EditorMaterials/MatineeGroups/MAT_Groups_Director.uasset" 249
"../../../Engine/Content/EditorMaterials/MatineeGroups/MAT_Groups_Event.uasset" 250
"../../../Engine/Content/EditorMaterials/MatineeGroups/MAT_Groups_Fade.uasset" 251
"../../../Engine/Content/EditorMaterials/MatineeGroups/MAT_Groups_Float.uasset" 252
"../../../Engine/Content/EditorMaterials/MatineeGroups/MAT_Groups_Move.uasset" 253
"../../../Engine/Content/EditorMaterials/MatineeGroups/MAT_Groups_Slomo.uasset" 254
"../../../Engine/Content/EditorMaterials/MatineeGroups/MAT_Groups_Sound.uasset" 255
"../../../Engine/Content/EditorMaterials/MatineeGroups/MAT_Groups_Vector.uasset" 256
"../../../Engine/Content/EditorMaterials/ParticleSystems/PSysThumbnail_NoImage.uasset" 257
"../../../Engine/Content/EditorMaterials/ParticleSystems/PSysThumbnail_OOD.uasset" 258
"../../../Engine/Content/EditorMaterials/Camera/CineMat.uasset" 259
"../../../Engine/Content/EditorMaterials/Camera/MI_CineMat_Rig.uasset" 260
"../../../Engine/Content/EditorMeshes/Camera/SM_CraneRig_Arm.uasset" 261
"../../../Engine/Content/EditorMeshes/Camera/SM_CraneRig_Base.uasset" 262
"../../../Engine/Content/EditorMeshes/Camera/SM_CraneRig_Body.uasset" 263
"../../../Engine/Content/EditorMeshes/Camera/SM_CraneRig_Mount.uasset" 264
"../../../Engine/Content/EditorMeshes/Camera/SM_RailRig_Mount.uasset" 265
"../../../Engine/Content/EditorMeshes/Camera/SM_RailRig_Track.uasset" 266
"../../../Engine/Content/EditorResources/BSPVertex.uasset" 267
"../../../Engine/Content/EditorResources/EmptyActor.uasset" 268
"../../../Engine/Content/EditorResources/S_Actor.uasset" 269
"../../../Engine/Content/EditorResources/S_Note.uasset" 270
"../../../Engine/Content/EditorResources/S_Solver.uasset" 271
"../../../Engine/Content/EditorResources/S_Terrain.uasset" 272
"../../../Engine/Content/EditorResources/S_Trigger.uasset" 273
"../../../Engine/Content/EditorResources/SequenceRecorder/Countdown.uasset" 274
"../../../Engine/Content/EditorResources/SequenceRecorder/RecordingIndicator.uasset" 275
"../../../Engine/Content/EngineDamageTypes/DmgTypeBP_Environmental.uasset" 276
"../../../Engine/Content/EngineDebugMaterials/DebugEditorMaterial.uasset" 277
"../../../Engine/Content/EngineDebugMaterials/DebugMeshMaterial.uasset" 278
"../../../Engine/Content/EngineDebugMaterials/M_SimpleUnlitTranslucent.uasset" 279
"../../../Engine/Content/EngineDebugMaterials/VolumeToRender.uasset" 280
"../../../Engine/Content/Functions/Engine_MaterialFunctions02/Utility/CameraDirectionVector.uasset" 281
"../../../Engine/Content/EngineDebugMaterials/M_VolumeRenderSphereTracePP.uasset" 282
"../../../Engine/Content/Functions/Engine_MaterialFunctions01/Shading/ConvertFromDiffSpec.uasset" 283
"../../../Engine/Content/EngineDebugMaterials/VertexColorMaterial.uasset" 284
"../../../Engine/Content/EngineDebugMaterials/WireframeMaterial.uasset" 285
"../../../Engine/Content/EngineFonts/Faces/RobotoRegular.uasset" 286
"../../../Engine/Content/EngineFonts/Faces/RobotoLight.uasset" 287
"../../../Engine/Content/EngineFonts/Faces/RobotoItalic.uasset" 288
"../../../Engine/Content/EngineFonts/Faces/RobotoBoldItalic.uasset" 289
"../../../Engine/Content/EngineFonts/Faces/RobotoBold.uasset" 290
"../../../Engine/Content/EngineFonts/Faces/DroidSansFallback.uasset" 291
"../../../Engine/Content/EngineFonts/Roboto.uasset" 292
"../../../Engine/Content/EngineMaterials/BaseFlattenNormalMap.uasset" 293
"../../../Engine/Content/EngineMaterials/BaseFlattenGrayscaleMap.uasset" 294
"../../../Engine/Content/EngineMaterials/BaseFlattenEmissiveMap.uasset" 295
"../../../Engine/Content/EngineMaterials/BaseFlattenDiffuseMap.uasset" 296
"../../../Engine/Content/EngineMaterials/BaseFlattenMaterial.uasset" 297
"../../../Engine/Content/EngineMaterials/BlueNoise.uasset" 298
"../../../Engine/Content/EngineMaterials/DefaultBloomKernel.uasset" 299
"../../../Engine/Content/EngineMaterials/DefaultBokeh.uasset" 300
"../../../Engine/Content/EngineMaterials/DefaultDiffuse.uasset" 301
"../../../Engine/Content/EngineMaterials/DefaultDeferredDecalMaterial.uasset" 302
"../../../Engine/Content/EngineMaterials/DefaultLightFunctionMaterial.uasset" 303
"../../../Engine/Content/Functions/Engine_MaterialFunctions02/Utility/BreakOutFloat2Components.uasset" 304
"../../../Engine/Content/EngineMaterials/DefaultPostProcessMaterial.uasset" 305
"../../../Engine/Content/EngineFonts/RobotoDistanceField.uasset" 306
"../../../Engine/Content/EngineMaterials/DefaultTextMaterialOpaque.uasset" 307
"../../../Engine/Content/EngineMaterials/DefaultWhiteGrid.uasset" 308
"../../../Engine/Content/EngineMaterials/DefaultWhiteGrid_Low.uasset" 309
"../../../Engine/Content/EngineMaterials/EmissiveMeshMaterial.uasset" 310
"../../../Engine/Content/EngineMaterials/GizmoMaterial.uasset" 311
"../../../Engine/Content/EngineMaterials/Good64x64TilingNoiseHighFreq.uasset" 312
"../../../Engine/Content/EngineMaterials/MiniFont.uasset" 313
"../../../Engine/Content/EngineMaterials/InvalidLightmapSettings.uasset" 314
"../../../Engine/Content/EngineMaterials/M_InvalidLightmapSettings.uasset" 315
"../../../Engine/Content/Functions/Engine_MaterialFunctions02/WorldPositionOffset/CameraOffset.uasset" 316
"../../../Engine/Content/EngineMaterials/PhAT_JointLimitMaterial.uasset" 317
"../../../Engine/Content/EngineMaterials/PreintegratedSkinBRDF.uasset" 318
"../../../Engine/Content/EngineMaterials/RemoveSurfaceMaterial.uasset" 319
"../../../Engine/Content/EngineMaterials/WeightMapPlaceholderTexture.uasset" 320
"../../../Engine/Content/EngineResources/WhiteSquareTexture.uasset" 321
"../../../Engine/Content/EngineMaterials/Widget3DPassThrough.uasset" 322
"../../../Engine/Content/EngineMaterials/Widget3DPassThrough_Masked.uasset" 323
"../../../Engine/Content/EngineMaterials/Widget3DPassThrough_Opaque.uasset" 324
"../../../Engine/Content/EngineMaterials/Widget3DPassThrough_Masked_OneSided.uasset" 325
"../../../Engine/Content/EngineMaterials/Widget3DPassThrough_Opaque_OneSided.uasset" 326
"../../../Engine/Content/EngineMaterials/Widget3DPassThrough_Translucent.uasset" 327
"../../../Engine/Content/EngineMaterials/Widget3DPassThrough_Translucent_OneSided.uasset" 328
"../../../Engine/Content/EngineMeshes/Cylinder.uasset" 329
"../../../Engine/Content/EngineMeshes/Sphere.uasset" 330
"../../../Engine/Content/EngineResources/Black.uasset" 331
"../../../Engine/Content/EngineResources/DefaultTextureCube.uasset" 332
"../../../Engine/Content/EngineResources/DefaultVolumeTexture2D.uasset" 333
"../../../Engine/Content/EngineResources/DefaultVolumeTexture.uasset" 334
"../../../Engine/Content/EngineResources/GradientTexture0.uasset" 335
"../../../Engine/Content/EngineSky/VolumetricClouds/T_NoiseShape64.uasset" 336
"../../../Engine/Content/EngineSky/VolumetricClouds/T_VolumeNoiseShape64.uasset" 337
"../../../Engine/Content/EngineSky/VolumetricClouds/T_NoiseErosion.uasset" 338
"../../../Engine/Content/EngineSky/VolumetricClouds/T_VolumeNoiseErosion32.uasset" 339
"../../../Engine/Content/EngineSky/VolumetricClouds/CloudWeatherTexture.uasset" 340
"../../../Engine/Content/EngineSky/VolumetricClouds/CloudGradientTexture.uasset" 341
"../../../Engine/Content/Functions/Engine_MaterialFunctions02/Utility/MakeFloat2.uasset" 342
"../../../Engine/Content/EngineSky/VolumetricClouds/m_SimpleVolumetricCloud.uasset" 343
"../../../Engine/Content/EngineSky/VolumetricClouds/m_SimpleVolumetricCloud_Inst.uasset" 344
"../../../Engine/Content/EngineSounds/Master.uasset" 345
"../../../Engine/Content/Functions/Engine_MaterialFunctions01/Shading/PowerToRoughness.uasset" 346
"../../../Engine/Content/Maps/Templates/Thumbnails/Default.uasset" 347
"../../../Engine/Content/Maps/Templates/Thumbnails/TimeOfDay.uasset" 348
"../../../Engine/Content/Maps/Templates/Thumbnails/VR-Basic.uasset" 349
"../../../Engine/Content/MobileResources/T_MobileControls_texture.uasset" 350
"../../../Engine/Content/MobileResources/T_MobileMenu2.uasset" 351
"../../../Engine/Content/MobileResources/HUD/AnalogHat.uasset" 352
"../../../Engine/Content/MobileResources/HUD/VirtualJoystick_Thumb.uasset" 353
"../../../Engine/Content/MobileResources/HUD/VirtualJoystick_Background.uasset" 354
"../../../Engine/Content/MobileResources/HUD/DefaultVirtualJoysticks.uasset" 355
"../../../Engine/Content/MobileResources/HUD/LeftVirtualJoystickOnly.uasset" 356
"../../../Engine/Content/MobileResources/HUD/MobileHUDButton1_off.uasset" 357
"../../../Engine/Content/MobileResources/HUD/MobileHUDButton1_on.uasset" 358
"../../../Engine/Content/MobileResources/HUD/MobileHUDButton2_off.uasset" 359
"../../../Engine/Content/MobileResources/HUD/MobileHUDButton2_on.uasset" 360
"../../../Engine/Content/MobileResources/HUD/MobileHUDButton3.uasset" 361
"../../../Engine/Content/MobileResources/HUD/MobileHUDButtonFire.uasset" 362
"../../../Engine/Content/MobileResources/HUD/MobileHUDDirectionPad.uasset" 363
"../../../Engine/Content/MobileResources/HUD/MobileHUDDirectionPad2.uasset" 364
"../../../Engine/Content/MobileResources/HUD/MobileHUDDirectionPad3.uasset" 365
"../../../Engine/Content/MobileResources/HUD/MobileHUDDirectionStick.uasset" 366
"../../../Engine/Content/MobileResources/HUD/T_Castle_ThumbstickInner.uasset" 367
"../../../Engine/Content/MobileResources/HUD/T_Castle_ThumbstickOutter.uasset" 368
"../../../Engine/Content/Tutorial/ContentIntroCurve.uasset" 369
"../../../Engine/Content/Tutorial/Basics/LevelEditorAttract.uasset" 370
"../../../Engine/Content/Tutorial/Basics/TutorialAssets/icon_tab_Levels_40x.uasset" 371
"../../../Engine/Content/Tutorial/Basics/LevelEditorOverview.uasset" 372
"../../../Engine/Content/Tutorial/BlueprintTutorials/TutorialAssets/Blueprint_64x.uasset" 373
"../../../Engine/Content/Tutorial/BlueprintTutorials/BlueprintEditorTutorial.uasset" 374
"../../../Engine/Content/VREditor/TransformGizmo/TranslucentTransformGizmoMaterial.uasset" 375
"../../../Engine/Content/VREditor/LaserPointer/VR_LaserPower_01.uasset" 376
"../../../Engine/Content/VREditor/TransformGizmo/TransformGizmoMaterial.uasset" 377
"../../../Engine/Content/VREditor/TransformGizmo/BoundingBoxCorner.uasset" 378
"../../../Engine/Content/VREditor/TransformGizmo/BoundingBoxEdge.uasset" 379
"../../../Engine/Content/VREditor/TransformGizmo/PlaneTranslationHandle.uasset" 380
"../../../Engine/Content/VREditor/TransformGizmo/Xray.uasset" 381
"../../../Engine/Content/VREditor/TransformGizmo/Main.uasset" 382
"../../../Engine/Content/VREditor/TransformGizmo/SM_Sequencer_Key.uasset" 383
"../../../Engine/Content/VREditor/TransformGizmo/SM_Sequencer_Node.uasset" 384
"../../Plugins/2D/Paper2D/Content/PlaceholderTextures/DummySpriteTexture.uasset" 385
"../../Plugins/2D/Paper2D/Content/DummySprite.uasset" 386
"../../Plugins/2D/Paper2D/Content/DefaultPaperTerrainMaterial.uasset" 387
"../../Plugins/2D/Paper2D/Content/DefaultSpriteMaterial.uasset" 388
"../../Plugins/2D/Paper2D/Content/MaskedUnlitSpriteMaterial.uasset" 389
"../../Plugins/2D/Paper2D/Content/OpaqueUnlitSpriteMaterial.uasset" 390
"../../../Engine/Content/Functions/Engine_MaterialFunctions02/Utility/BreakOutFloat3Components.uasset" 391
"../../Plugins/Editor/SpeedTreeImporter/Content/SpeedTree9/UnpackInteger3.uasset" 392
"../../Plugins/Editor/SpeedTreeImporter/Content/SpeedTree9/UnpackDirection.uasset" 393
"../../Plugins/Editor/SpeedTreeImporter/Content/SpeedTree9/game_wind_noise.uasset" 394
"../../../Engine/Content/Functions/Engine_MaterialFunctions02/SafeNormalize.uasset" 395
"../../Plugins/Editor/SpeedTreeImporter/Content/SpeedTree9/SpeedTreeWindMotion.uasset" 396
"../../Plugins/Editor/SpeedTreeImporter/Content/SpeedTree9/SpeedTreeBranchMotion.uasset" 397
"../../../Engine/Content/Functions/Engine_MaterialFunctions02/ObjectLocalBounds.uasset" 398
"../../../Engine/Content/Functions/Engine_MaterialFunctions02/UVs/BoundingBoxBased_0-1_UVW.uasset" 399
"../../Plugins/Editor/SpeedTreeImporter/Content/SpeedTree9/SpeedTreeWind.uasset" 400
"../../Plugins/Editor/SpeedTreeImporter/Content/SpeedTree9/SpeedTreeBillboard.uasset" 401
"../../../Engine/Content/EngineResources/DefaultTexture.uasset" 402
"../../Plugins/Editor/SpeedTreeImporter/Content/SpeedTree9/SpeedTreeBillboardMaster.uasset" 403
"../../Plugins/Editor/SpeedTreeImporter/Content/SpeedTree9/SpeedTreeCameraFacing.uasset" 404
"../../Plugins/Editor/SpeedTreeImporter/Content/SpeedTree9/SpeedTreeMaster.uasset" 405
"../../../Engine/Content/ArtTools/RenderToTexture/Materials/Debug/M_Emissive_Color.uasset" 406
"../../../Engine/Content/BasicShapes/Cylinder.uasset" 407
"../../Plugins/Lumin/MagicLeapPassableWorld/Content/MagicLeapARPinInfoActor.uasset" 408
"../../../Engine/Content/Functions/Engine_MaterialFunctions02/Utility/BreakOutFloat4Components.uasset" 409
"../../../Engine/Content/Functions/Engine_MaterialFunctions02/Utility/MakeFloat3.uasset" 410
"../../Plugins/Runtime/Oculus/OculusVR/Content/Materials/OculusMR_ChromaKey.uasset" 411
"../../Plugins/Runtime/Oculus/OculusVR/Content/Materials/OculusMR_OpaqueColoredMaterial.uasset" 412
"../../Plugins/Runtime/Oculus/OculusVR/Content/Materials/PokeAHoleMaterial.uasset" 413
"D:/GameDev/MyProjects/MarsMarine/Project/MarsMarine_UEProject/Content/UI/Textures/MarinePortrait.uasset" 414
"D:/GameDev/MyProjects/MarsMarine/Project/MarsMarine_UEProject/Content/UI/Textures/AttackerPortrait.uasset" 415
"D:/GameDev/MyProjects/MarsMarine/Project/MarsMarine_UEProject/Content/Sounds/FoleyFlesh/Stereo/FoleyFlesh_Gib05_Stereo.uasset" 416
"D:/GameDev/MyProjects/MarsMarine/Project/MarsMarine_UEProject/Content/Sounds/Stingers/Stereo/Stinger_PlayerDeath02_Stereo.uasset" 417
"D:/GameDev/MyProjects/MarsMarine/Project/MarsMarine_UEProject/Content/Sounds/FoleyFlesh/Stereo/FoleyFlesh_Gib06_Stereo.uasset" 418
"D:/GameDev/MyProjects/MarsMarine/Project/MarsMarine_UEProject/Content/Sounds/Stingers/Stereo/Stinger_PlayerDeath_Stereo_Cue.uasset" 419
"D:/GameDev/MyProjects/MarsMarine/Project/MarsMarine_UEProject/Content/Characters/Marine/Marine_PhysicsAsset.uasset" 420
"D:/GameDev/MyProjects/MarsMarine/Project/MarsMarine_UEProject/Content/Characters/Marine/Materials/ML_Metal_light.uasset" 421
"D:/GameDev/MyProjects/MarsMarine/Project/MarsMarine_UEProject/Content/Characters/Marine/Textures/Tiles/T_Sctraches_01.uasset" 422
"D:/GameDev/MyProjects/MarsMarine/Project/MarsMarine_UEProject/Content/Characters/Marine/Materials/ML_Glass.uasset" 423
"D:/GameDev/MyProjects/MarsMarine/Project/MarsMarine_UEProject/Content/Characters/Marine/Textures/Chr_FPS_M.uasset" 424
"D:/GameDev/MyProjects/MarsMarine/Project/MarsMarine_UEProject/Content/Characters/Marine/Textures/Chr_FPS_02_M.uasset" 425
"D:/GameDev/MyProjects/MarsMarine/Project/MarsMarine_UEProject/Content/Characters/Marine/Materials/ML_Emissive_Custom.uasset" 426
"D:/GameDev/MyProjects/MarsMarine/Project/MarsMarine_UEProject/Content/Characters/Marine/Textures/T_Vista_Grass_N.uasset" 427
"D:/GameDev/MyProjects/MarsMarine/Project/MarsMarine_UEProject/Content/Characters/Marine/Textures/Chr_FPS_D.uasset" 428
"D:/GameDev/MyProjects/MarsMarine/Project/MarsMarine_UEProject/Content/Characters/Marine/Materials/ML_Base.uasset" 429
"D:/GameDev/MyProjects/MarsMarine/Project/MarsMarine_UEProject/Content/Characters/Marine/Textures/Chr_FPS_N.uasset" 430
"D:/GameDev/MyProjects/MarsMarine/Project/MarsMarine_UEProject/Content/Characters/Marine/Textures/Chr_FPS_M_03tga.uasset" 431
"D:/GameDev/MyProjects/MarsMarine/Project/MarsMarine_UEProject/Content/Characters/Marine/Materials/M_BodyDamage.uasset" 432
"D:/GameDev/MyProjects/MarsMarine/Project/MarsMarine_UEProject/Content/Characters/Marine/Textures/Chr_FPS_Metal_01.uasset" 433
"D:/GameDev/MyProjects/MarsMarine/Project/MarsMarine_UEProject/Content/Characters/Marine/Textures/Chr_FPS_Fabric_N_01.uasset" 434
"D:/GameDev/MyProjects/MarsMarine/Project/MarsMarine_UEProject/Content/Characters/Marine/Materials/ML_Rubber_light.uasset" 435
"D:/GameDev/MyProjects/MarsMarine/Project/MarsMarine_UEProject/Content/Characters/Marine/Materials/ML_Rubber_dark.uasset" 436
"D:/GameDev/MyProjects/MarsMarine/Project/MarsMarine_UEProject/Content/Characters/Marine/Materials/ML_Metal_Painted.uasset" 437
"D:/GameDev/MyProjects/MarsMarine/Project/MarsMarine_UEProject/Content/Characters/Marine/Materials/M_Marine.uasset" 438
"D:/GameDev/MyProjects/MarsMarine/Project/MarsMarine_UEProject/Content/Characters/Marine/Marine.uasset" 439
"D:/GameDev/MyProjects/MarsMarine/Project/MarsMarine_UEProject/Content/Characters/Marine/Materials/MI_Marine.uasset" 440
"D:/GameDev/MyProjects/MarsMarine/Project/MarsMarine_UEProject/Content/Sounds/Footsteps/Mono/Footstep_Generic12.uasset" 441
"D:/GameDev/MyProjects/MarsMarine/Project/MarsMarine_UEProject/Content/Sounds/Footsteps/Mono/Footstep_Generic11.uasset" 442
"D:/GameDev/MyProjects/MarsMarine/Project/MarsMarine_UEProject/Content/Sounds/Footsteps/Mono/Footstep_Generic10.uasset" 443
"D:/GameDev/MyProjects/MarsMarine/Project/MarsMarine_UEProject/Content/Sounds/Footsteps/Mono/Footstep_Generic09.uasset" 444
"D:/GameDev/MyProjects/MarsMarine/Project/MarsMarine_UEProject/Content/Sounds/Footsteps/Mono/Footstep_Generic08.uasset" 445
"D:/GameDev/MyProjects/MarsMarine/Project/MarsMarine_UEProject/Content/Sounds/Footsteps/Mono/Footstep_Generic07.uasset" 446
"D:/GameDev/MyProjects/MarsMarine/Project/MarsMarine_UEProject/Content/Sounds/Footsteps/Mono/Footstep_Generic06.uasset" 447
"D:/GameDev/MyProjects/MarsMarine/Project/MarsMarine_UEProject/Content/Sounds/Footsteps/Mono/Footstep_Generic05.uasset" 448
"D:/GameDev/MyProjects/MarsMarine/Project/MarsMarine_UEProject/Content/Sounds/Footsteps/Mono/Footstep_Generic04.uasset" 449
"D:/GameDev/MyProjects/MarsMarine/Project/MarsMarine_UEProject/Content/Sounds/Footsteps/Mono/Footstep_Generic03.uasset" 450
"D:/GameDev/MyProjects/MarsMarine/Project/MarsMarine_UEProject/Content/Sounds/Footsteps/Mono/Footstep_Generic02.uasset" 451
"D:/GameDev/MyProjects/MarsMarine/Project/MarsMarine_UEProject/Content/Sounds/Footsteps/Mono/Footstep_Generic01.uasset" 452
"D:/GameDev/MyProjects/MarsMarine/Project/MarsMarine_UEProject/Content/Sounds/Footsteps/Mono/Footsteps_Generic_Cue.uasset" 453
"../../../Engine/Content/Animation/DefaultAnimCurveCompressionSettings.uasset" 454
"../../../Engine/Content/Animation/DefaultAnimBoneCompressionSettings.uasset" 455
"D:/GameDev/MyProjects/MarsMarine/Project/MarsMarine_UEProject/Content/Characters/Marine/Animations/Run_Rt.uasset" 456
"D:/GameDev/MyProjects/MarsMarine/Project/MarsMarine_UEProject/Content/Characters/Marine/Animations/Run_Lt.uasset" 457
"D:/GameDev/MyProjects/MarsMarine/Project/MarsMarine_UEProject/Content/Characters/Marine/Animations/Run_Fwd.uasset" 458
"D:/GameDev/MyProjects/MarsMarine/Project/MarsMarine_UEProject/Content/Characters/Marine/Animations/Run_Bwd.uasset" 459
"D:/GameDev/MyProjects/MarsMarine/Project/MarsMarine_UEProject/Content/Characters/Marine/Animations/Idle.uasset" 460
"D:/GameDev/MyProjects/MarsMarine/Project/MarsMarine_UEProject/Content/Blueprints/Animation/BS_Movement.uasset" 461
"D:/GameDev/MyProjects/MarsMarine/Project/MarsMarine_UEProject/Content/Characters/Marine/Animations/Death.uasset" 462
"D:/GameDev/MyProjects/MarsMarine/Project/MarsMarine_UEProject/Content/Blueprints/Animation/ABP_Marine.uasset" 463
"D:/GameDev/MyProjects/MarsMarine/Project/MarsMarine_UEProject/Content/Weapons/Rifle_Skeleton.uasset" 464
"D:/GameDev/MyProjects/MarsMarine/Project/MarsMarine_UEProject/Content/Weapons/Textures/SightLens_maskB.uasset" 465
"D:/GameDev/MyProjects/MarsMarine/Project/MarsMarine_UEProject/Content/Weapons/Textures/SightLens_maskA.uasset" 466
"D:/GameDev/MyProjects/MarsMarine/Project/MarsMarine_UEProject/Content/Characters/Marine/Textures/holo_layer_1_5.uasset" 467
"D:/GameDev/MyProjects/MarsMarine/Project/MarsMarine_UEProject/Content/Weapons/Materials/MagGun_SightLens_Mat.uasset" 468
"D:/GameDev/MyProjects/MarsMarine/Project/MarsMarine_UEProject/Content/Weapons/Materials/MagGun_SightLens_Mat_Inst.uasset" 469
"D:/GameDev/MyProjects/MarsMarine/Project/MarsMarine_UEProject/Content/Weapons/Materials/MagGun_MatB_Inst2.uasset" 470
"D:/GameDev/MyProjects/MarsMarine/Project/MarsMarine_UEProject/Content/Weapons/Textures/MagGunT1_shade.uasset" 471
"D:/GameDev/MyProjects/MarsMarine/Project/MarsMarine_UEProject/Content/Weapons/Textures/MagGunT1_section.uasset" 472
"D:/GameDev/MyProjects/MarsMarine/Project/MarsMarine_UEProject/Content/Weapons/Textures/MagGun_01_N.uasset" 473
"D:/GameDev/MyProjects/MarsMarine/Project/MarsMarine_UEProject/Content/Weapons/Materials/MagGun_MatA.uasset" 474
"D:/GameDev/MyProjects/MarsMarine/Project/MarsMarine_UEProject/Content/Weapons/Materials/MagGun_MatA_Inst3.uasset" 475
"D:/GameDev/MyProjects/MarsMarine/Project/MarsMarine_UEProject/Content/Weapons/Rifle.uasset" 476
"D:/GameDev/MyProjects/MarsMarine/Project/MarsMarine_UEProject/Content/Sounds/Weapon_AssaultRifle/Stereo/AssaultRifle_ShotLoop03_Stereo.uasset" 477
"D:/GameDev/MyProjects/MarsMarine/Project/MarsMarine_UEProject/Content/Sounds/Weapon_AssaultRifle/Stereo/AssaultRifle_ShotLoop02_Stereo.uasset" 478
"D:/GameDev/MyProjects/MarsMarine/Project/MarsMarine_UEProject/Content/Sounds/Weapon_AssaultRifle/Stereo/AssaultRifle_ShotLoop01_Stereo.uasset" 479
"D:/GameDev/MyProjects/MarsMarine/Project/MarsMarine_UEProject/Content/Sounds/Weapon_AssaultRifle/Stereo/S_ShotSound_Cue.uasset" 480
"D:/GameDev/MyProjects/MarsMarine/Project/MarsMarine_UEProject/Content/Sounds/Weapon_AssaultRifle/Stereo/AssaultRifle_ShotEnd06_Stereo.uasset" 481
"D:/GameDev/MyProjects/MarsMarine/Project/MarsMarine_UEProject/Content/Sounds/Weapon_AssaultRifle/Stereo/AssaultRifle_ShotEnd05_Stereo.uasset" 482
"D:/GameDev/MyProjects/MarsMarine/Project/MarsMarine_UEProject/Content/Sounds/Weapon_AssaultRifle/Stereo/AssaultRifle_ShotEnd04_Stereo.uasset" 483
"D:/GameDev/MyProjects/MarsMarine/Project/MarsMarine_UEProject/Content/Sounds/Weapon_AssaultRifle/Stereo/AssaultRifle_ShotEnd03_Stereo.uasset" 484
"D:/GameDev/MyProjects/MarsMarine/Project/MarsMarine_UEProject/Content/Sounds/Weapon_AssaultRifle/Stereo/AssaultRifle_ShotEnd02_Stereo.uasset" 485
"D:/GameDev/MyProjects/MarsMarine/Project/MarsMarine_UEProject/Content/Sounds/Weapon_AssaultRifle/Stereo/AssaultRifle_ShotEnd01_Stereo.uasset" 486
"D:/GameDev/MyProjects/MarsMarine/Project/MarsMarine_UEProject/Content/Sounds/Weapon_AssaultRifle/Stereo/S_ShotEnd_Cue.uasset" 487
"D:/GameDev/MyProjects/MarsMarine/Project/MarsMarine_UEProject/Content/Effects/Misc/Meshes/Weapon/SM_MuzzleCone.uasset" 488
"D:/GameDev/MyProjects/MarsMarine/Project/MarsMarine_UEProject/Content/Effects/Misc/Textures/Weapon/T_muzzle_flashes.uasset" 489
"D:/GameDev/MyProjects/MarsMarine/Project/MarsMarine_UEProject/Content/Effects/Misc/Materials/Weapon/M_muzzle_flash_subUV.uasset" 490
"D:/GameDev/MyProjects/MarsMarine/Project/MarsMarine_UEProject/Content/Effects/Misc/Textures/Noise/T_TileNoise.uasset" 491
"D:/GameDev/MyProjects/MarsMarine/Project/MarsMarine_UEProject/Content/Effects/Misc/Textures/Mask/T_SquareMaskTightEdge.uasset" 492
"../../../Engine/Content/Functions/Engine_MaterialFunctions01/Gradient/LinearGradient.uasset" 493
"D:/GameDev/MyProjects/MarsMarine/Project/MarsMarine_UEProject/Content/Effects/Misc/Materials/Weapon/M_MuzzleGlow.uasset" 494
"D:/GameDev/MyProjects/MarsMarine/Project/MarsMarine_UEProject/Content/Effects/Misc/Materials/Smoke/M_SmokeBall.uasset" 495
"../../../Engine/Content/Functions/Engine_MaterialFunctions01/Gradient/RadialGradient.uasset" 496
"D:/GameDev/MyProjects/MarsMarine/Project/MarsMarine_UEProject/Content/Effects/Misc/Materials/Ramp/M_SoftGradient_Muzzle.uasset" 497
"D:/GameDev/MyProjects/MarsMarine/Project/MarsMarine_UEProject/Content/Effects/Misc/Textures/LensFlare/T_Lensflare_01.uasset" 498
"D:/GameDev/MyProjects/MarsMarine/Project/MarsMarine_UEProject/Content/Effects/Misc/Materials/LensFlare/M_Lensflare_01.uasset" 499
"D:/GameDev/MyProjects/MarsMarine/Project/MarsMarine_UEProject/Content/Effects/Weapons/Muzzle/P_AssaultRifle_MF.uasset" 500
"D:/GameDev/MyProjects/MarsMarine/Project/MarsMarine_UEProject/Content/Effects/Weapons/Impacts/P_AssaultRifle_IH.uasset" 501
"D:/GameDev/MyProjects/MarsMarine/Project/MarsMarine_UEProject/Content/Blueprints/Actors/BP_Gun.uasset" 502
"D:/GameDev/MyProjects/MarsMarine/Project/MarsMarine_UEProject/Content/Blueprints/Characters/BP_Marine.uasset" 503
"D:/GameDev/MyProjects/MarsMarine/Project/MarsMarine_UEProject/Content/Blueprints/UI/WBP_HUD.uasset" 504
"D:/GameDev/MyProjects/MarsMarine/Project/MarsMarine_UEProject/Content/Blueprints/Controllers/BP_PlayerMarineController.uasset" 505
"D:/GameDev/MyProjects/MarsMarine/Project/MarsMarine_UEProject/Content/Characters/Enemy_Great_Spider/Textures/T_Enemy_GreaterSpider_Fire_D.uasset" 506
"D:/GameDev/MyProjects/MarsMarine/Project/MarsMarine_UEProject/Content/Characters/Enemy_Great_Spider/Materials/CharM_Greater_Spider.uasset" 507
"D:/GameDev/MyProjects/MarsMarine/Project/MarsMarine_UEProject/Content/Characters/Enemy_Great_Spider/SK_Greater_Spider.uasset" 508
"D:/GameDev/MyProjects/MarsMarine/Project/MarsMarine_UEProject/Content/Characters/Enemy_Great_Spider/Animations/ExoGame_Greater_Spider_Attack_Melee.uasset" 509
"D:/GameDev/MyProjects/MarsMarine/Project/MarsMarine_UEProject/Content/Characters/Enemy_Great_Spider/Animations/AM_SpiderMeleeAttack.uasset" 510
"D:/GameDev/MyProjects/MarsMarine/Project/MarsMarine_UEProject/Content/Characters/Enemy_Great_Spider/Animations/ExoGame_Greater_Spider_Walk_Right.uasset" 511
"D:/GameDev/MyProjects/MarsMarine/Project/MarsMarine_UEProject/Content/Characters/Enemy_Great_Spider/Animations/ExoGame_Greater_Spider_Walk_Left.uasset" 512
"D:/GameDev/MyProjects/MarsMarine/Project/MarsMarine_UEProject/Content/Characters/Enemy_Great_Spider/Animations/ExoGame_Greater_Spider_Walk_Fwd.uasset" 513
"D:/GameDev/MyProjects/MarsMarine/Project/MarsMarine_UEProject/Content/Characters/Enemy_Great_Spider/Animations/ExoGame_Greater_Spider_Walk_Bwd.uasset" 514
"D:/GameDev/MyProjects/MarsMarine/Project/MarsMarine_UEProject/Content/Characters/Enemy_Great_Spider/Animations/ExoGame_Greater_Spider_Idle.uasset" 515
"D:/GameDev/MyProjects/MarsMarine/Project/MarsMarine_UEProject/Content/Blueprints/Animation/BS_SpiderMovement.uasset" 516
"D:/GameDev/MyProjects/MarsMarine/Project/MarsMarine_UEProject/Content/Sounds/FoleyFlesh/Mono/FoleyFlesh_Gib06.uasset" 517
"D:/GameDev/MyProjects/MarsMarine/Project/MarsMarine_UEProject/Content/Sounds/FoleyFlesh/Mono/FoleyFlesh_Gib05.uasset" 518
"D:/GameDev/MyProjects/MarsMarine/Project/MarsMarine_UEProject/Content/Sounds/FoleyFlesh/Mono/FoleyFlesh_Gib04.uasset" 519
"D:/GameDev/MyProjects/MarsMarine/Project/MarsMarine_UEProject/Content/Sounds/FoleyFlesh/Mono/FoleyFlesh_Gib03.uasset" 520
"D:/GameDev/MyProjects/MarsMarine/Project/MarsMarine_UEProject/Content/Sounds/FoleyFlesh/Mono/FoleyFlesh_Gib02.uasset" 521
"D:/GameDev/MyProjects/MarsMarine/Project/MarsMarine_UEProject/Content/Sounds/FoleyFlesh/Mono/FoleyFlesh_Gib01.uasset" 522
"D:/GameDev/MyProjects/MarsMarine/Project/MarsMarine_UEProject/Content/Sounds/FoleyFlesh/Mono/FoleyFlesh_Gib_Cue.uasset" 523
"D:/GameDev/MyProjects/MarsMarine/Project/MarsMarine_UEProject/Content/Characters/Enemy_Great_Spider/Animations/ExoGame_Greater_Spider_Death.uasset" 524
"D:/GameDev/MyProjects/MarsMarine/Project/MarsMarine_UEProject/Content/Blueprints/Animation/ABP_Spider.uasset" 525
"D:/GameDev/MyProjects/MarsMarine/Project/MarsMarine_UEProject/Content/Blueprints/Characters/BP_Spider.uasset" 526
"D:/GameDev/MyProjects/MarsMarine/Project/MarsMarine_UEProject/Content/Sounds/Stingers/Stereo/StingerPickup_Health02_Stereo.uasset" 527
"D:/GameDev/MyProjects/MarsMarine/Project/MarsMarine_UEProject/Content/Sounds/Stingers/Stereo/StingerPickup_Health01_Stereo.uasset" 528
"D:/GameDev/MyProjects/MarsMarine/Project/MarsMarine_UEProject/Content/Sounds/Stingers/Mono/StingerPickup_Health_Cue.uasset" 529
"D:/GameDev/MyProjects/MarsMarine/Project/MarsMarine_UEProject/Content/Effects/Misc/Meshes/Gameplay/Pickups/SM_Health.uasset" 530
"D:/GameDev/MyProjects/MarsMarine/Project/MarsMarine_UEProject/Content/Effects/Pick-ups/P_Health.uasset" 531
"D:/GameDev/MyProjects/MarsMarine/Project/MarsMarine_UEProject/Content/Blueprints/Actors/BP_HealthPickUp.uasset" 532
"D:/GameDev/MyProjects/MarsMarine/Project/MarsMarine_UEProject/Content/Blueprints/GameModes/BP_MarsMarineGameModeBase.uasset" 533
"D:/GameDev/MyProjects/MarsMarine/Project/MarsMarine_UEProject/Content/Rocks/Textures/T_Rock_Sandstone_N.uasset" 534
"D:/GameDev/MyProjects/MarsMarine/Project/MarsMarine_UEProject/Content/Rocks/Textures/T_Rock_Sandstone_D.uasset" 535
"D:/GameDev/MyProjects/MarsMarine/Project/MarsMarine_UEProject/Content/Rocks/Textures/T_Perlin_Noise_M.uasset" 536
"D:/GameDev/MyProjects/MarsMarine/Project/MarsMarine_UEProject/Content/Rocks/Textures/T_MacroVariation.uasset" 537
"D:/GameDev/MyProjects/MarsMarine/Project/MarsMarine_UEProject/Content/Rocks/Textures/T_Ground_Gravel_N.uasset" 538
"D:/GameDev/MyProjects/MarsMarine/Project/MarsMarine_UEProject/Content/Rocks/Textures/T_Ground_Gravel_D.uasset" 539
"D:/GameDev/MyProjects/MarsMarine/Project/MarsMarine_UEProject/Content/Rocks/Materials/M_MarsRock.uasset" 540
"D:/GameDev/MyProjects/MarsMarine/Project/MarsMarine_UEProject/Content/Rocks/SM_Rock.uasset" 541
"../../../Engine/Content/EngineSky/T_Sky_Stars.uasset" 542
"../../../Engine/Content/EngineSky/T_Sky_Clouds_M.uasset" 543
"../../../Engine/Content/EngineSky/T_Sky_Blue.uasset" 544
"../../../Engine/Content/EngineMaterials/DefaultPhysicalMaterial.uasset" 545
"D:/GameDev/MyProjects/MarsMarine/Project/MarsMarine_UEProject/Content/Rocks/Materials/M_Rock_Sandstone.uasset" 546
"../../../Engine/Content/EngineSky/M_Sky_Panning_Clouds2.uasset" 547
"D:/GameDev/MyProjects/MarsMarine/Project/MarsMarine_UEProject/Content/Levels/Mars_BuiltData.uasset" 548
"../../../Engine/Content/EngineSky/SM_SkySphere.uasset" 549
"../../../Engine/Content/EngineSky/C_Sky_Zenith_Color.uasset" 550
"../../../Engine/Content/EngineSky/C_Sky_Horizon_Color.uasset" 551
"../../../Engine/Content/EngineSky/C_Sky_Cloud_Color.uasset" 552
"../../../Engine/Content/EditorBlueprintResources/StandardMacros.uasset" 553
"../../../Engine/Content/EngineSky/BP_Sky_Sphere.uasset" 554
"D:/GameDev/MyProjects/MarsMarine/Project/MarsMarine_UEProject/Content/Blueprints/Actors/BP_MissionArea.uasset" 555
"D:/GameDev/MyProjects/MarsMarine/Project/MarsMarine_UEProject/Content/Levels/Mars.umap" 556
"../../../Engine/Content/Maps/Entry_BuiltData.uasset" 557
"../../../Engine/Content/Maps/Entry.umap" 558
